Estado 12 conflictos: 9 desplazamiento(s)/reducción(ones)
Estado 44 conflictos: 9 desplazamiento(s)/reducción(ones)


Gramática

    0 $accept: prg_ $end

    1 prg_: prg

    2 prg: bloq
    3    | prg bloq

    4 bloq: flowcontr
    5     | sent
    6     | bloq flowcontr
    7     | bloq sent

    8 $@1: /* vacío */

    9 flowcontr: IF conds LL_ABR bloq LL_CRR ELSE $@1 LL_ABR bloq LL_CRR
   10          | IF conds LL_ABR bloq LL_CRR
   11          | WHILE conds LL_ABR bloq LL_CRR

   12 conds: cond

   13 $@2: /* vacío */

   14 conds: conds AND $@2 cond

   15 $@3: /* vacío */

   16 conds: conds OR $@3 cond

   17 cond: NOT cond
   18     | PR_ABR cond PR_CRR
   19     | operando oplog operando

   20 oplog: EQ
   21      | NEQ
   22      | LT
   23      | LEQ
   24      | GT
   25      | GEQ

   26 sent: decl endstmt
   27     | assg endstmt
   28     | iostmt endstmt
   29     | endstmt

   30 endstmt: END_STMT
   31        | NL

   32 decl: VAR lista_ids AS CR_ABR tipos CR_CRR
   33     | CONST_NOMBRE ID ASIGN CONST_INT
   34     | CONST_NOMBRE ID ASIGN CONST_R
   35     | CONST_NOMBRE ID ASIGN STR

   36 lista_ids: CR_ABR ids CR_CRR

   37 ids: ID
   38    | ids COMA ID

   39 tipos: tipo
   40      | tipos COMA tipo

   41 tipo: REAL
   42     | STRING_T
   43     | INT

   44 assg: ID ASIGN assg
   45     | ID ASIGN right

   46 right: expr
   47      | str_const

   48 str_const: STR

   49 expr: expr SUM termino
   50     | expr MIN termino
   51     | termino

   52 termino: termino MULT factor
   53        | termino DIV factor
   54        | factor

   55 factor: PR_ABR expr PR_CRR
   56       | llong
   57       | ID
   58       | const_num

   59 const_num: CONST_R
   60          | CONST_INT

   61 llong: LEN PR_ABR lista_ids PR_CRR
   62      | LEN PR_ABR lista_const PR_CRR

   63 lista_const: CR_ABR constantes CR_CRR

   64 constantes: constante
   65           | constantes COMA constante

   66 constante: const_num
   67          | str_const

   68 iostmt: DISPLAY operando
   69       | GET ID

   70 operando: expr
   71         | str_const


Terminales con las reglas donde aparecen

$end (0) 0
error (256)
ID (258) 33 34 35 37 38 44 45 57 69
LL_ABR (259) 9 10 11
LL_CRR (260) 9 10 11
CR_ABR (261) 32 36 63
CR_CRR (262) 32 36 63
PR_ABR (263) 18 55 61 62
PR_CRR (264) 18 55 61 62
CONST_INT (265) 33 60
CONST_R (266) 34 59
STR (267) 35 48
SUM (268) 49
MIN (269) 50
DIV (270) 53
MULT (271) 52
EQ (272) 20
NEQ (273) 21
LT (274) 22
LEQ (275) 23
GT (276) 24
GEQ (277) 25
NOT (278) 17
AND (279) 14
OR (280) 16
IF (281) 9 10
ELSE (282) 9
WHILE (283) 11
ASIGN (284) 33 34 35 44 45
VAR (285) 32
AS (286) 32
COMA (287) 38 40 65
INT (288) 43
REAL (289) 41
STRING_T (290) 42
END_STMT (291) 30
NL (292) 31
GET (293) 69
DISPLAY (294) 68
LEN (295) 61 62
CONST_NOMBRE (296) 33 34 35


No terminales con las reglas donde aparecen

$accept (42)
    en la izquierda: 0
prg_ (43)
    en la izquierda: 1, en la derecha: 0
prg (44)
    en la izquierda: 2 3, en la derecha: 1 3
bloq (45)
    en la izquierda: 4 5 6 7, en la derecha: 2 3 6 7 9 10 11
flowcontr (46)
    en la izquierda: 9 10 11, en la derecha: 4 6
$@1 (47)
    en la izquierda: 8, en la derecha: 9
conds (48)
    en la izquierda: 12 14 16, en la derecha: 9 10 11 14 16
$@2 (49)
    en la izquierda: 13, en la derecha: 14
$@3 (50)
    en la izquierda: 15, en la derecha: 16
cond (51)
    en la izquierda: 17 18 19, en la derecha: 12 14 16 17 18
oplog (52)
    en la izquierda: 20 21 22 23 24 25, en la derecha: 19
sent (53)
    en la izquierda: 26 27 28 29, en la derecha: 5 7
endstmt (54)
    en la izquierda: 30 31, en la derecha: 26 27 28 29
decl (55)
    en la izquierda: 32 33 34 35, en la derecha: 26
lista_ids (56)
    en la izquierda: 36, en la derecha: 32 61
ids (57)
    en la izquierda: 37 38, en la derecha: 36 38
tipos (58)
    en la izquierda: 39 40, en la derecha: 32 40
tipo (59)
    en la izquierda: 41 42 43, en la derecha: 39 40
assg (60)
    en la izquierda: 44 45, en la derecha: 27 44
right (61)
    en la izquierda: 46 47, en la derecha: 45
str_const (62)
    en la izquierda: 48, en la derecha: 47 67 71
expr (63)
    en la izquierda: 49 50 51, en la derecha: 46 49 50 55 70
termino (64)
    en la izquierda: 52 53 54, en la derecha: 49 50 51 52 53
factor (65)
    en la izquierda: 55 56 57 58, en la derecha: 52 53 54
const_num (66)
    en la izquierda: 59 60, en la derecha: 58 66
llong (67)
    en la izquierda: 61 62, en la derecha: 56
lista_const (68)
    en la izquierda: 63, en la derecha: 62
constantes (69)
    en la izquierda: 64 65, en la derecha: 63 65
constante (70)
    en la izquierda: 66 67, en la derecha: 64 65
iostmt (71)
    en la izquierda: 68 69, en la derecha: 28
operando (72)
    en la izquierda: 70 71, en la derecha: 19 68


estado 0

    0 $accept: . prg_ $end

    ID            desplazar e ir al estado 1
    IF            desplazar e ir al estado 2
    WHILE         desplazar e ir al estado 3
    VAR           desplazar e ir al estado 4
    END_STMT      desplazar e ir al estado 5
    NL            desplazar e ir al estado 6
    GET           desplazar e ir al estado 7
    DISPLAY       desplazar e ir al estado 8
    CONST_NOMBRE  desplazar e ir al estado 9

    prg_       ir al estado 10
    prg        ir al estado 11
    bloq       ir al estado 12
    flowcontr  ir al estado 13
    sent       ir al estado 14
    endstmt    ir al estado 15
    decl       ir al estado 16
    assg       ir al estado 17
    iostmt     ir al estado 18


estado 1

   44 assg: ID . ASIGN assg
   45     | ID . ASIGN right

    ASIGN  desplazar e ir al estado 19


estado 2

    9 flowcontr: IF . conds LL_ABR bloq LL_CRR ELSE $@1 LL_ABR bloq LL_CRR
   10          | IF . conds LL_ABR bloq LL_CRR

    ID         desplazar e ir al estado 20
    PR_ABR     desplazar e ir al estado 21
    CONST_INT  desplazar e ir al estado 22
    CONST_R    desplazar e ir al estado 23
    STR        desplazar e ir al estado 24
    NOT        desplazar e ir al estado 25
    LEN        desplazar e ir al estado 26

    conds      ir al estado 27
    cond       ir al estado 28
    str_const  ir al estado 29
    expr       ir al estado 30
    termino    ir al estado 31
    factor     ir al estado 32
    const_num  ir al estado 33
    llong      ir al estado 34
    operando   ir al estado 35


estado 3

   11 flowcontr: WHILE . conds LL_ABR bloq LL_CRR

    ID         desplazar e ir al estado 20
    PR_ABR     desplazar e ir al estado 21
    CONST_INT  desplazar e ir al estado 22
    CONST_R    desplazar e ir al estado 23
    STR        desplazar e ir al estado 24
    NOT        desplazar e ir al estado 25
    LEN        desplazar e ir al estado 26

    conds      ir al estado 36
    cond       ir al estado 28
    str_const  ir al estado 29
    expr       ir al estado 30
    termino    ir al estado 31
    factor     ir al estado 32
    const_num  ir al estado 33
    llong      ir al estado 34
    operando   ir al estado 35


estado 4

   32 decl: VAR . lista_ids AS CR_ABR tipos CR_CRR

    CR_ABR  desplazar e ir al estado 37

    lista_ids  ir al estado 38


estado 5

   30 endstmt: END_STMT .

    $default  reduce usando la regla 30 (endstmt)


estado 6

   31 endstmt: NL .

    $default  reduce usando la regla 31 (endstmt)


estado 7

   69 iostmt: GET . ID

    ID  desplazar e ir al estado 39


estado 8

   68 iostmt: DISPLAY . operando

    ID         desplazar e ir al estado 20
    PR_ABR     desplazar e ir al estado 40
    CONST_INT  desplazar e ir al estado 22
    CONST_R    desplazar e ir al estado 23
    STR        desplazar e ir al estado 24
    LEN        desplazar e ir al estado 26

    str_const  ir al estado 29
    expr       ir al estado 30
    termino    ir al estado 31
    factor     ir al estado 32
    const_num  ir al estado 33
    llong      ir al estado 34
    operando   ir al estado 41


estado 9

   33 decl: CONST_NOMBRE . ID ASIGN CONST_INT
   34     | CONST_NOMBRE . ID ASIGN CONST_R
   35     | CONST_NOMBRE . ID ASIGN STR

    ID  desplazar e ir al estado 42


estado 10

    0 $accept: prg_ . $end

    $end  desplazar e ir al estado 43


estado 11

    1 prg_: prg .
    3 prg: prg . bloq

    ID            desplazar e ir al estado 1
    IF            desplazar e ir al estado 2
    WHILE         desplazar e ir al estado 3
    VAR           desplazar e ir al estado 4
    END_STMT      desplazar e ir al estado 5
    NL            desplazar e ir al estado 6
    GET           desplazar e ir al estado 7
    DISPLAY       desplazar e ir al estado 8
    CONST_NOMBRE  desplazar e ir al estado 9

    $default  reduce usando la regla 1 (prg_)

    bloq       ir al estado 44
    flowcontr  ir al estado 13
    sent       ir al estado 14
    endstmt    ir al estado 15
    decl       ir al estado 16
    assg       ir al estado 17
    iostmt     ir al estado 18


estado 12

    2 prg: bloq .
    6 bloq: bloq . flowcontr
    7     | bloq . sent

    ID            desplazar e ir al estado 1
    IF            desplazar e ir al estado 2
    WHILE         desplazar e ir al estado 3
    VAR           desplazar e ir al estado 4
    END_STMT      desplazar e ir al estado 5
    NL            desplazar e ir al estado 6
    GET           desplazar e ir al estado 7
    DISPLAY       desplazar e ir al estado 8
    CONST_NOMBRE  desplazar e ir al estado 9

    ID            [reduce usando la regla 2 (prg)]
    IF            [reduce usando la regla 2 (prg)]
    WHILE         [reduce usando la regla 2 (prg)]
    VAR           [reduce usando la regla 2 (prg)]
    END_STMT      [reduce usando la regla 2 (prg)]
    NL            [reduce usando la regla 2 (prg)]
    GET           [reduce usando la regla 2 (prg)]
    DISPLAY       [reduce usando la regla 2 (prg)]
    CONST_NOMBRE  [reduce usando la regla 2 (prg)]
    $default      reduce usando la regla 2 (prg)

    flowcontr  ir al estado 45
    sent       ir al estado 46
    endstmt    ir al estado 15
    decl       ir al estado 16
    assg       ir al estado 17
    iostmt     ir al estado 18


estado 13

    4 bloq: flowcontr .

    $default  reduce usando la regla 4 (bloq)


estado 14

    5 bloq: sent .

    $default  reduce usando la regla 5 (bloq)


estado 15

   29 sent: endstmt .

    $default  reduce usando la regla 29 (sent)


estado 16

   26 sent: decl . endstmt

    END_STMT  desplazar e ir al estado 5
    NL        desplazar e ir al estado 6

    endstmt  ir al estado 47


estado 17

   27 sent: assg . endstmt

    END_STMT  desplazar e ir al estado 5
    NL        desplazar e ir al estado 6

    endstmt  ir al estado 48


estado 18

   28 sent: iostmt . endstmt

    END_STMT  desplazar e ir al estado 5
    NL        desplazar e ir al estado 6

    endstmt  ir al estado 49


estado 19

   44 assg: ID ASIGN . assg
   45     | ID ASIGN . right

    ID         desplazar e ir al estado 50
    PR_ABR     desplazar e ir al estado 40
    CONST_INT  desplazar e ir al estado 22
    CONST_R    desplazar e ir al estado 23
    STR        desplazar e ir al estado 24
    LEN        desplazar e ir al estado 26

    assg       ir al estado 51
    right      ir al estado 52
    str_const  ir al estado 53
    expr       ir al estado 54
    termino    ir al estado 31
    factor     ir al estado 32
    const_num  ir al estado 33
    llong      ir al estado 34


estado 20

   57 factor: ID .

    $default  reduce usando la regla 57 (factor)


estado 21

   18 cond: PR_ABR . cond PR_CRR
   55 factor: PR_ABR . expr PR_CRR

    ID         desplazar e ir al estado 20
    PR_ABR     desplazar e ir al estado 21
    CONST_INT  desplazar e ir al estado 22
    CONST_R    desplazar e ir al estado 23
    STR        desplazar e ir al estado 24
    NOT        desplazar e ir al estado 25
    LEN        desplazar e ir al estado 26

    cond       ir al estado 55
    str_const  ir al estado 29
    expr       ir al estado 56
    termino    ir al estado 31
    factor     ir al estado 32
    const_num  ir al estado 33
    llong      ir al estado 34
    operando   ir al estado 35


estado 22

   60 const_num: CONST_INT .

    $default  reduce usando la regla 60 (const_num)


estado 23

   59 const_num: CONST_R .

    $default  reduce usando la regla 59 (const_num)


estado 24

   48 str_const: STR .

    $default  reduce usando la regla 48 (str_const)


estado 25

   17 cond: NOT . cond

    ID         desplazar e ir al estado 20
    PR_ABR     desplazar e ir al estado 21
    CONST_INT  desplazar e ir al estado 22
    CONST_R    desplazar e ir al estado 23
    STR        desplazar e ir al estado 24
    NOT        desplazar e ir al estado 25
    LEN        desplazar e ir al estado 26

    cond       ir al estado 57
    str_const  ir al estado 29
    expr       ir al estado 30
    termino    ir al estado 31
    factor     ir al estado 32
    const_num  ir al estado 33
    llong      ir al estado 34
    operando   ir al estado 35


estado 26

   61 llong: LEN . PR_ABR lista_ids PR_CRR
   62      | LEN . PR_ABR lista_const PR_CRR

    PR_ABR  desplazar e ir al estado 58


estado 27

    9 flowcontr: IF conds . LL_ABR bloq LL_CRR ELSE $@1 LL_ABR bloq LL_CRR
   10          | IF conds . LL_ABR bloq LL_CRR
   14 conds: conds . AND $@2 cond
   16      | conds . OR $@3 cond

    LL_ABR  desplazar e ir al estado 59
    AND     desplazar e ir al estado 60
    OR      desplazar e ir al estado 61


estado 28

   12 conds: cond .

    $default  reduce usando la regla 12 (conds)


estado 29

   71 operando: str_const .

    $default  reduce usando la regla 71 (operando)


estado 30

   49 expr: expr . SUM termino
   50     | expr . MIN termino
   70 operando: expr .

    SUM  desplazar e ir al estado 62
    MIN  desplazar e ir al estado 63

    $default  reduce usando la regla 70 (operando)


estado 31

   51 expr: termino .
   52 termino: termino . MULT factor
   53        | termino . DIV factor

    DIV   desplazar e ir al estado 64
    MULT  desplazar e ir al estado 65

    $default  reduce usando la regla 51 (expr)


estado 32

   54 termino: factor .

    $default  reduce usando la regla 54 (termino)


estado 33

   58 factor: const_num .

    $default  reduce usando la regla 58 (factor)


estado 34

   56 factor: llong .

    $default  reduce usando la regla 56 (factor)


estado 35

   19 cond: operando . oplog operando

    EQ   desplazar e ir al estado 66
    NEQ  desplazar e ir al estado 67
    LT   desplazar e ir al estado 68
    LEQ  desplazar e ir al estado 69
    GT   desplazar e ir al estado 70
    GEQ  desplazar e ir al estado 71

    oplog  ir al estado 72


estado 36

   11 flowcontr: WHILE conds . LL_ABR bloq LL_CRR
   14 conds: conds . AND $@2 cond
   16      | conds . OR $@3 cond

    LL_ABR  desplazar e ir al estado 73
    AND     desplazar e ir al estado 60
    OR      desplazar e ir al estado 61


estado 37

   36 lista_ids: CR_ABR . ids CR_CRR

    ID  desplazar e ir al estado 74

    ids  ir al estado 75


estado 38

   32 decl: VAR lista_ids . AS CR_ABR tipos CR_CRR

    AS  desplazar e ir al estado 76


estado 39

   69 iostmt: GET ID .

    $default  reduce usando la regla 69 (iostmt)


estado 40

   55 factor: PR_ABR . expr PR_CRR

    ID         desplazar e ir al estado 20
    PR_ABR     desplazar e ir al estado 40
    CONST_INT  desplazar e ir al estado 22
    CONST_R    desplazar e ir al estado 23
    LEN        desplazar e ir al estado 26

    expr       ir al estado 77
    termino    ir al estado 31
    factor     ir al estado 32
    const_num  ir al estado 33
    llong      ir al estado 34


estado 41

   68 iostmt: DISPLAY operando .

    $default  reduce usando la regla 68 (iostmt)


estado 42

   33 decl: CONST_NOMBRE ID . ASIGN CONST_INT
   34     | CONST_NOMBRE ID . ASIGN CONST_R
   35     | CONST_NOMBRE ID . ASIGN STR

    ASIGN  desplazar e ir al estado 78


estado 43

    0 $accept: prg_ $end .

    $default  aceptar


estado 44

    3 prg: prg bloq .
    6 bloq: bloq . flowcontr
    7     | bloq . sent

    ID            desplazar e ir al estado 1
    IF            desplazar e ir al estado 2
    WHILE         desplazar e ir al estado 3
    VAR           desplazar e ir al estado 4
    END_STMT      desplazar e ir al estado 5
    NL            desplazar e ir al estado 6
    GET           desplazar e ir al estado 7
    DISPLAY       desplazar e ir al estado 8
    CONST_NOMBRE  desplazar e ir al estado 9

    ID            [reduce usando la regla 3 (prg)]
    IF            [reduce usando la regla 3 (prg)]
    WHILE         [reduce usando la regla 3 (prg)]
    VAR           [reduce usando la regla 3 (prg)]
    END_STMT      [reduce usando la regla 3 (prg)]
    NL            [reduce usando la regla 3 (prg)]
    GET           [reduce usando la regla 3 (prg)]
    DISPLAY       [reduce usando la regla 3 (prg)]
    CONST_NOMBRE  [reduce usando la regla 3 (prg)]
    $default      reduce usando la regla 3 (prg)

    flowcontr  ir al estado 45
    sent       ir al estado 46
    endstmt    ir al estado 15
    decl       ir al estado 16
    assg       ir al estado 17
    iostmt     ir al estado 18


estado 45

    6 bloq: bloq flowcontr .

    $default  reduce usando la regla 6 (bloq)


estado 46

    7 bloq: bloq sent .

    $default  reduce usando la regla 7 (bloq)


estado 47

   26 sent: decl endstmt .

    $default  reduce usando la regla 26 (sent)


estado 48

   27 sent: assg endstmt .

    $default  reduce usando la regla 27 (sent)


estado 49

   28 sent: iostmt endstmt .

    $default  reduce usando la regla 28 (sent)


estado 50

   44 assg: ID . ASIGN assg
   45     | ID . ASIGN right
   57 factor: ID .

    ASIGN  desplazar e ir al estado 19

    $default  reduce usando la regla 57 (factor)


estado 51

   44 assg: ID ASIGN assg .

    $default  reduce usando la regla 44 (assg)


estado 52

   45 assg: ID ASIGN right .

    $default  reduce usando la regla 45 (assg)


estado 53

   47 right: str_const .

    $default  reduce usando la regla 47 (right)


estado 54

   46 right: expr .
   49 expr: expr . SUM termino
   50     | expr . MIN termino

    SUM  desplazar e ir al estado 62
    MIN  desplazar e ir al estado 63

    $default  reduce usando la regla 46 (right)


estado 55

   18 cond: PR_ABR cond . PR_CRR

    PR_CRR  desplazar e ir al estado 79


estado 56

   49 expr: expr . SUM termino
   50     | expr . MIN termino
   55 factor: PR_ABR expr . PR_CRR
   70 operando: expr .

    PR_CRR  desplazar e ir al estado 80
    SUM     desplazar e ir al estado 62
    MIN     desplazar e ir al estado 63

    $default  reduce usando la regla 70 (operando)


estado 57

   17 cond: NOT cond .

    $default  reduce usando la regla 17 (cond)


estado 58

   61 llong: LEN PR_ABR . lista_ids PR_CRR
   62      | LEN PR_ABR . lista_const PR_CRR

    CR_ABR  desplazar e ir al estado 81

    lista_ids    ir al estado 82
    lista_const  ir al estado 83


estado 59

    9 flowcontr: IF conds LL_ABR . bloq LL_CRR ELSE $@1 LL_ABR bloq LL_CRR
   10          | IF conds LL_ABR . bloq LL_CRR

    ID            desplazar e ir al estado 1
    IF            desplazar e ir al estado 2
    WHILE         desplazar e ir al estado 3
    VAR           desplazar e ir al estado 4
    END_STMT      desplazar e ir al estado 5
    NL            desplazar e ir al estado 6
    GET           desplazar e ir al estado 7
    DISPLAY       desplazar e ir al estado 8
    CONST_NOMBRE  desplazar e ir al estado 9

    bloq       ir al estado 84
    flowcontr  ir al estado 13
    sent       ir al estado 14
    endstmt    ir al estado 15
    decl       ir al estado 16
    assg       ir al estado 17
    iostmt     ir al estado 18


estado 60

   14 conds: conds AND . $@2 cond

    $default  reduce usando la regla 13 ($@2)

    $@2  ir al estado 85


estado 61

   16 conds: conds OR . $@3 cond

    $default  reduce usando la regla 15 ($@3)

    $@3  ir al estado 86


estado 62

   49 expr: expr SUM . termino

    ID         desplazar e ir al estado 20
    PR_ABR     desplazar e ir al estado 40
    CONST_INT  desplazar e ir al estado 22
    CONST_R    desplazar e ir al estado 23
    LEN        desplazar e ir al estado 26

    termino    ir al estado 87
    factor     ir al estado 32
    const_num  ir al estado 33
    llong      ir al estado 34


estado 63

   50 expr: expr MIN . termino

    ID         desplazar e ir al estado 20
    PR_ABR     desplazar e ir al estado 40
    CONST_INT  desplazar e ir al estado 22
    CONST_R    desplazar e ir al estado 23
    LEN        desplazar e ir al estado 26

    termino    ir al estado 88
    factor     ir al estado 32
    const_num  ir al estado 33
    llong      ir al estado 34


estado 64

   53 termino: termino DIV . factor

    ID         desplazar e ir al estado 20
    PR_ABR     desplazar e ir al estado 40
    CONST_INT  desplazar e ir al estado 22
    CONST_R    desplazar e ir al estado 23
    LEN        desplazar e ir al estado 26

    factor     ir al estado 89
    const_num  ir al estado 33
    llong      ir al estado 34


estado 65

   52 termino: termino MULT . factor

    ID         desplazar e ir al estado 20
    PR_ABR     desplazar e ir al estado 40
    CONST_INT  desplazar e ir al estado 22
    CONST_R    desplazar e ir al estado 23
    LEN        desplazar e ir al estado 26

    factor     ir al estado 90
    const_num  ir al estado 33
    llong      ir al estado 34


estado 66

   20 oplog: EQ .

    $default  reduce usando la regla 20 (oplog)


estado 67

   21 oplog: NEQ .

    $default  reduce usando la regla 21 (oplog)


estado 68

   22 oplog: LT .

    $default  reduce usando la regla 22 (oplog)


estado 69

   23 oplog: LEQ .

    $default  reduce usando la regla 23 (oplog)


estado 70

   24 oplog: GT .

    $default  reduce usando la regla 24 (oplog)


estado 71

   25 oplog: GEQ .

    $default  reduce usando la regla 25 (oplog)


estado 72

   19 cond: operando oplog . operando

    ID         desplazar e ir al estado 20
    PR_ABR     desplazar e ir al estado 40
    CONST_INT  desplazar e ir al estado 22
    CONST_R    desplazar e ir al estado 23
    STR        desplazar e ir al estado 24
    LEN        desplazar e ir al estado 26

    str_const  ir al estado 29
    expr       ir al estado 30
    termino    ir al estado 31
    factor     ir al estado 32
    const_num  ir al estado 33
    llong      ir al estado 34
    operando   ir al estado 91


estado 73

   11 flowcontr: WHILE conds LL_ABR . bloq LL_CRR

    ID            desplazar e ir al estado 1
    IF            desplazar e ir al estado 2
    WHILE         desplazar e ir al estado 3
    VAR           desplazar e ir al estado 4
    END_STMT      desplazar e ir al estado 5
    NL            desplazar e ir al estado 6
    GET           desplazar e ir al estado 7
    DISPLAY       desplazar e ir al estado 8
    CONST_NOMBRE  desplazar e ir al estado 9

    bloq       ir al estado 92
    flowcontr  ir al estado 13
    sent       ir al estado 14
    endstmt    ir al estado 15
    decl       ir al estado 16
    assg       ir al estado 17
    iostmt     ir al estado 18


estado 74

   37 ids: ID .

    $default  reduce usando la regla 37 (ids)


estado 75

   36 lista_ids: CR_ABR ids . CR_CRR
   38 ids: ids . COMA ID

    CR_CRR  desplazar e ir al estado 93
    COMA    desplazar e ir al estado 94


estado 76

   32 decl: VAR lista_ids AS . CR_ABR tipos CR_CRR

    CR_ABR  desplazar e ir al estado 95


estado 77

   49 expr: expr . SUM termino
   50     | expr . MIN termino
   55 factor: PR_ABR expr . PR_CRR

    PR_CRR  desplazar e ir al estado 80
    SUM     desplazar e ir al estado 62
    MIN     desplazar e ir al estado 63


estado 78

   33 decl: CONST_NOMBRE ID ASIGN . CONST_INT
   34     | CONST_NOMBRE ID ASIGN . CONST_R
   35     | CONST_NOMBRE ID ASIGN . STR

    CONST_INT  desplazar e ir al estado 96
    CONST_R    desplazar e ir al estado 97
    STR        desplazar e ir al estado 98


estado 79

   18 cond: PR_ABR cond PR_CRR .

    $default  reduce usando la regla 18 (cond)


estado 80

   55 factor: PR_ABR expr PR_CRR .

    $default  reduce usando la regla 55 (factor)


estado 81

   36 lista_ids: CR_ABR . ids CR_CRR
   63 lista_const: CR_ABR . constantes CR_CRR

    ID         desplazar e ir al estado 74
    CONST_INT  desplazar e ir al estado 22
    CONST_R    desplazar e ir al estado 23
    STR        desplazar e ir al estado 24

    ids         ir al estado 75
    str_const   ir al estado 99
    const_num   ir al estado 100
    constantes  ir al estado 101
    constante   ir al estado 102


estado 82

   61 llong: LEN PR_ABR lista_ids . PR_CRR

    PR_CRR  desplazar e ir al estado 103


estado 83

   62 llong: LEN PR_ABR lista_const . PR_CRR

    PR_CRR  desplazar e ir al estado 104


estado 84

    6 bloq: bloq . flowcontr
    7     | bloq . sent
    9 flowcontr: IF conds LL_ABR bloq . LL_CRR ELSE $@1 LL_ABR bloq LL_CRR
   10          | IF conds LL_ABR bloq . LL_CRR

    ID            desplazar e ir al estado 1
    LL_CRR        desplazar e ir al estado 105
    IF            desplazar e ir al estado 2
    WHILE         desplazar e ir al estado 3
    VAR           desplazar e ir al estado 4
    END_STMT      desplazar e ir al estado 5
    NL            desplazar e ir al estado 6
    GET           desplazar e ir al estado 7
    DISPLAY       desplazar e ir al estado 8
    CONST_NOMBRE  desplazar e ir al estado 9

    flowcontr  ir al estado 45
    sent       ir al estado 46
    endstmt    ir al estado 15
    decl       ir al estado 16
    assg       ir al estado 17
    iostmt     ir al estado 18


estado 85

   14 conds: conds AND $@2 . cond

    ID         desplazar e ir al estado 20
    PR_ABR     desplazar e ir al estado 21
    CONST_INT  desplazar e ir al estado 22
    CONST_R    desplazar e ir al estado 23
    STR        desplazar e ir al estado 24
    NOT        desplazar e ir al estado 25
    LEN        desplazar e ir al estado 26

    cond       ir al estado 106
    str_const  ir al estado 29
    expr       ir al estado 30
    termino    ir al estado 31
    factor     ir al estado 32
    const_num  ir al estado 33
    llong      ir al estado 34
    operando   ir al estado 35


estado 86

   16 conds: conds OR $@3 . cond

    ID         desplazar e ir al estado 20
    PR_ABR     desplazar e ir al estado 21
    CONST_INT  desplazar e ir al estado 22
    CONST_R    desplazar e ir al estado 23
    STR        desplazar e ir al estado 24
    NOT        desplazar e ir al estado 25
    LEN        desplazar e ir al estado 26

    cond       ir al estado 107
    str_const  ir al estado 29
    expr       ir al estado 30
    termino    ir al estado 31
    factor     ir al estado 32
    const_num  ir al estado 33
    llong      ir al estado 34
    operando   ir al estado 35


estado 87

   49 expr: expr SUM termino .
   52 termino: termino . MULT factor
   53        | termino . DIV factor

    DIV   desplazar e ir al estado 64
    MULT  desplazar e ir al estado 65

    $default  reduce usando la regla 49 (expr)


estado 88

   50 expr: expr MIN termino .
   52 termino: termino . MULT factor
   53        | termino . DIV factor

    DIV   desplazar e ir al estado 64
    MULT  desplazar e ir al estado 65

    $default  reduce usando la regla 50 (expr)


estado 89

   53 termino: termino DIV factor .

    $default  reduce usando la regla 53 (termino)


estado 90

   52 termino: termino MULT factor .

    $default  reduce usando la regla 52 (termino)


estado 91

   19 cond: operando oplog operando .

    $default  reduce usando la regla 19 (cond)


estado 92

    6 bloq: bloq . flowcontr
    7     | bloq . sent
   11 flowcontr: WHILE conds LL_ABR bloq . LL_CRR

    ID            desplazar e ir al estado 1
    LL_CRR        desplazar e ir al estado 108
    IF            desplazar e ir al estado 2
    WHILE         desplazar e ir al estado 3
    VAR           desplazar e ir al estado 4
    END_STMT      desplazar e ir al estado 5
    NL            desplazar e ir al estado 6
    GET           desplazar e ir al estado 7
    DISPLAY       desplazar e ir al estado 8
    CONST_NOMBRE  desplazar e ir al estado 9

    flowcontr  ir al estado 45
    sent       ir al estado 46
    endstmt    ir al estado 15
    decl       ir al estado 16
    assg       ir al estado 17
    iostmt     ir al estado 18


estado 93

   36 lista_ids: CR_ABR ids CR_CRR .

    $default  reduce usando la regla 36 (lista_ids)


estado 94

   38 ids: ids COMA . ID

    ID  desplazar e ir al estado 109


estado 95

   32 decl: VAR lista_ids AS CR_ABR . tipos CR_CRR

    INT       desplazar e ir al estado 110
    REAL      desplazar e ir al estado 111
    STRING_T  desplazar e ir al estado 112

    tipos  ir al estado 113
    tipo   ir al estado 114


estado 96

   33 decl: CONST_NOMBRE ID ASIGN CONST_INT .

    $default  reduce usando la regla 33 (decl)


estado 97

   34 decl: CONST_NOMBRE ID ASIGN CONST_R .

    $default  reduce usando la regla 34 (decl)


estado 98

   35 decl: CONST_NOMBRE ID ASIGN STR .

    $default  reduce usando la regla 35 (decl)


estado 99

   67 constante: str_const .

    $default  reduce usando la regla 67 (constante)


estado 100

   66 constante: const_num .

    $default  reduce usando la regla 66 (constante)


estado 101

   63 lista_const: CR_ABR constantes . CR_CRR
   65 constantes: constantes . COMA constante

    CR_CRR  desplazar e ir al estado 115
    COMA    desplazar e ir al estado 116


estado 102

   64 constantes: constante .

    $default  reduce usando la regla 64 (constantes)


estado 103

   61 llong: LEN PR_ABR lista_ids PR_CRR .

    $default  reduce usando la regla 61 (llong)


estado 104

   62 llong: LEN PR_ABR lista_const PR_CRR .

    $default  reduce usando la regla 62 (llong)


estado 105

    9 flowcontr: IF conds LL_ABR bloq LL_CRR . ELSE $@1 LL_ABR bloq LL_CRR
   10          | IF conds LL_ABR bloq LL_CRR .

    ELSE  desplazar e ir al estado 117

    $default  reduce usando la regla 10 (flowcontr)


estado 106

   14 conds: conds AND $@2 cond .

    $default  reduce usando la regla 14 (conds)


estado 107

   16 conds: conds OR $@3 cond .

    $default  reduce usando la regla 16 (conds)


estado 108

   11 flowcontr: WHILE conds LL_ABR bloq LL_CRR .

    $default  reduce usando la regla 11 (flowcontr)


estado 109

   38 ids: ids COMA ID .

    $default  reduce usando la regla 38 (ids)


estado 110

   43 tipo: INT .

    $default  reduce usando la regla 43 (tipo)


estado 111

   41 tipo: REAL .

    $default  reduce usando la regla 41 (tipo)


estado 112

   42 tipo: STRING_T .

    $default  reduce usando la regla 42 (tipo)


estado 113

   32 decl: VAR lista_ids AS CR_ABR tipos . CR_CRR
   40 tipos: tipos . COMA tipo

    CR_CRR  desplazar e ir al estado 118
    COMA    desplazar e ir al estado 119


estado 114

   39 tipos: tipo .

    $default  reduce usando la regla 39 (tipos)


estado 115

   63 lista_const: CR_ABR constantes CR_CRR .

    $default  reduce usando la regla 63 (lista_const)


estado 116

   65 constantes: constantes COMA . constante

    CONST_INT  desplazar e ir al estado 22
    CONST_R    desplazar e ir al estado 23
    STR        desplazar e ir al estado 24

    str_const  ir al estado 99
    const_num  ir al estado 100
    constante  ir al estado 120


estado 117

    9 flowcontr: IF conds LL_ABR bloq LL_CRR ELSE . $@1 LL_ABR bloq LL_CRR

    $default  reduce usando la regla 8 ($@1)

    $@1  ir al estado 121


estado 118

   32 decl: VAR lista_ids AS CR_ABR tipos CR_CRR .

    $default  reduce usando la regla 32 (decl)


estado 119

   40 tipos: tipos COMA . tipo

    INT       desplazar e ir al estado 110
    REAL      desplazar e ir al estado 111
    STRING_T  desplazar e ir al estado 112

    tipo  ir al estado 122


estado 120

   65 constantes: constantes COMA constante .

    $default  reduce usando la regla 65 (constantes)


estado 121

    9 flowcontr: IF conds LL_ABR bloq LL_CRR ELSE $@1 . LL_ABR bloq LL_CRR

    LL_ABR  desplazar e ir al estado 123


estado 122

   40 tipos: tipos COMA tipo .

    $default  reduce usando la regla 40 (tipos)


estado 123

    9 flowcontr: IF conds LL_ABR bloq LL_CRR ELSE $@1 LL_ABR . bloq LL_CRR

    ID            desplazar e ir al estado 1
    IF            desplazar e ir al estado 2
    WHILE         desplazar e ir al estado 3
    VAR           desplazar e ir al estado 4
    END_STMT      desplazar e ir al estado 5
    NL            desplazar e ir al estado 6
    GET           desplazar e ir al estado 7
    DISPLAY       desplazar e ir al estado 8
    CONST_NOMBRE  desplazar e ir al estado 9

    bloq       ir al estado 124
    flowcontr  ir al estado 13
    sent       ir al estado 14
    endstmt    ir al estado 15
    decl       ir al estado 16
    assg       ir al estado 17
    iostmt     ir al estado 18


estado 124

    6 bloq: bloq . flowcontr
    7     | bloq . sent
    9 flowcontr: IF conds LL_ABR bloq LL_CRR ELSE $@1 LL_ABR bloq . LL_CRR

    ID            desplazar e ir al estado 1
    LL_CRR        desplazar e ir al estado 125
    IF            desplazar e ir al estado 2
    WHILE         desplazar e ir al estado 3
    VAR           desplazar e ir al estado 4
    END_STMT      desplazar e ir al estado 5
    NL            desplazar e ir al estado 6
    GET           desplazar e ir al estado 7
    DISPLAY       desplazar e ir al estado 8
    CONST_NOMBRE  desplazar e ir al estado 9

    flowcontr  ir al estado 45
    sent       ir al estado 46
    endstmt    ir al estado 15
    decl       ir al estado 16
    assg       ir al estado 17
    iostmt     ir al estado 18


estado 125

    9 flowcontr: IF conds LL_ABR bloq LL_CRR ELSE $@1 LL_ABR bloq LL_CRR .

    $default  reduce usando la regla 9 (flowcontr)
